[2024-03-25 10:38:54] local.ERROR: The "--columns" option does not exist. {"exception":"[object] (Symfony\\Component\\Console\\Exception\\RuntimeException(code: 0): The \"--columns\" option does not exist. at /opt/lampp/htdocs/VueJS_Laravel/vendor/symfony/console/Input/ArgvInput.php:217)
[stacktrace]
#0 /opt/lampp/htdocs/VueJS_Laravel/vendor/symfony/console/Input/ArgvInput.php(144): Symfony\\Component\\Console\\Input\\ArgvInput->addLongOption()
#1 /opt/lampp/htdocs/VueJS_Laravel/vendor/symfony/console/Input/ArgvInput.php(79): Symfony\\Component\\Console\\Input\\ArgvInput->parseLongOption()
#2 /opt/lampp/htdocs/VueJS_Laravel/vendor/symfony/console/Input/ArgvInput.php(68): Symfony\\Component\\Console\\Input\\ArgvInput->parseToken()
#3 /opt/lampp/htdocs/VueJS_Laravel/vendor/symfony/console/Input/Input.php(53): Symfony\\Component\\Console\\Input\\ArgvInput->parse()
#4 /opt/lampp/htdocs/VueJS_Laravel/vendor/symfony/console/Command/Command.php(238): Symfony\\Component\\Console\\Input\\Input->bind()
#5 /opt/lampp/htdocs/VueJS_Laravel/vendor/laravel/framework/src/Illuminate/Console/Command.php(181): Symfony\\Component\\Console\\Command\\Command->run()
#6 /opt/lampp/htdocs/VueJS_Laravel/vendor/symfony/console/Application.php(1049): Illuminate\\Console\\Command->run()
#7 /opt/lampp/htdocs/VueJS_Laravel/vendor/symfony/console/Application.php(318): Symfony\\Component\\Console\\Application->doRunCommand()
#8 /opt/lampp/htdocs/VueJS_Laravel/vendor/symfony/console/Application.php(169): Symfony\\Component\\Console\\Application->doRun()
#9 /opt/lampp/htdocs/VueJS_Laravel/vendor/laravel/framework/src/Illuminate/Foundation/Console/Kernel.php(196): Symfony\\Component\\Console\\Application->run()
#10 /opt/lampp/htdocs/VueJS_Laravel/vendor/laravel/framework/src/Illuminate/Foundation/Application.php(1183): Illuminate\\Foundation\\Console\\Kernel->handle()
#11 /opt/lampp/htdocs/VueJS_Laravel/artisan(13): Illuminate\\Foundation\\Application->handleCommand()
#12 {main}
"} 
[2024-03-25 10:38:57] local.ERROR: The "--columns" option does not exist. {"exception":"[object] (Symfony\\Component\\Console\\Exception\\RuntimeException(code: 0): The \"--columns\" option does not exist. at /opt/lampp/htdocs/VueJS_Laravel/vendor/symfony/console/Input/ArgvInput.php:217)
[stacktrace]
#0 /opt/lampp/htdocs/VueJS_Laravel/vendor/symfony/console/Input/ArgvInput.php(144): Symfony\\Component\\Console\\Input\\ArgvInput->addLongOption()
#1 /opt/lampp/htdocs/VueJS_Laravel/vendor/symfony/console/Input/ArgvInput.php(79): Symfony\\Component\\Console\\Input\\ArgvInput->parseLongOption()
#2 /opt/lampp/htdocs/VueJS_Laravel/vendor/symfony/console/Input/ArgvInput.php(68): Symfony\\Component\\Console\\Input\\ArgvInput->parseToken()
#3 /opt/lampp/htdocs/VueJS_Laravel/vendor/symfony/console/Input/Input.php(53): Symfony\\Component\\Console\\Input\\ArgvInput->parse()
#4 /opt/lampp/htdocs/VueJS_Laravel/vendor/symfony/console/Command/Command.php(238): Symfony\\Component\\Console\\Input\\Input->bind()
#5 /opt/lampp/htdocs/VueJS_Laravel/vendor/laravel/framework/src/Illuminate/Console/Command.php(181): Symfony\\Component\\Console\\Command\\Command->run()
#6 /opt/lampp/htdocs/VueJS_Laravel/vendor/symfony/console/Application.php(1049): Illuminate\\Console\\Command->run()
#7 /opt/lampp/htdocs/VueJS_Laravel/vendor/symfony/console/Application.php(318): Symfony\\Component\\Console\\Application->doRunCommand()
#8 /opt/lampp/htdocs/VueJS_Laravel/vendor/symfony/console/Application.php(169): Symfony\\Component\\Console\\Application->doRun()
#9 /opt/lampp/htdocs/VueJS_Laravel/vendor/laravel/framework/src/Illuminate/Foundation/Console/Kernel.php(196): Symfony\\Component\\Console\\Application->run()
#10 /opt/lampp/htdocs/VueJS_Laravel/vendor/laravel/framework/src/Illuminate/Foundation/Application.php(1183): Illuminate\\Foundation\\Console\\Kernel->handle()
#11 /opt/lampp/htdocs/VueJS_Laravel/artisan(13): Illuminate\\Foundation\\Application->handleCommand()
#12 {main}
"} 
[2024-03-25 10:38:59] local.ERROR: The "--columns" option does not exist. {"exception":"[object] (Symfony\\Component\\Console\\Exception\\RuntimeException(code: 0): The \"--columns\" option does not exist. at /opt/lampp/htdocs/VueJS_Laravel/vendor/symfony/console/Input/ArgvInput.php:217)
[stacktrace]
#0 /opt/lampp/htdocs/VueJS_Laravel/vendor/symfony/console/Input/ArgvInput.php(144): Symfony\\Component\\Console\\Input\\ArgvInput->addLongOption()
#1 /opt/lampp/htdocs/VueJS_Laravel/vendor/symfony/console/Input/ArgvInput.php(79): Symfony\\Component\\Console\\Input\\ArgvInput->parseLongOption()
#2 /opt/lampp/htdocs/VueJS_Laravel/vendor/symfony/console/Input/ArgvInput.php(68): Symfony\\Component\\Console\\Input\\ArgvInput->parseToken()
#3 /opt/lampp/htdocs/VueJS_Laravel/vendor/symfony/console/Input/Input.php(53): Symfony\\Component\\Console\\Input\\ArgvInput->parse()
#4 /opt/lampp/htdocs/VueJS_Laravel/vendor/symfony/console/Command/Command.php(238): Symfony\\Component\\Console\\Input\\Input->bind()
#5 /opt/lampp/htdocs/VueJS_Laravel/vendor/laravel/framework/src/Illuminate/Console/Command.php(181): Symfony\\Component\\Console\\Command\\Command->run()
#6 /opt/lampp/htdocs/VueJS_Laravel/vendor/symfony/console/Application.php(1049): Illuminate\\Console\\Command->run()
#7 /opt/lampp/htdocs/VueJS_Laravel/vendor/symfony/console/Application.php(318): Symfony\\Component\\Console\\Application->doRunCommand()
#8 /opt/lampp/htdocs/VueJS_Laravel/vendor/symfony/console/Application.php(169): Symfony\\Component\\Console\\Application->doRun()
#9 /opt/lampp/htdocs/VueJS_Laravel/vendor/laravel/framework/src/Illuminate/Foundation/Console/Kernel.php(196): Symfony\\Component\\Console\\Application->run()
#10 /opt/lampp/htdocs/VueJS_Laravel/vendor/laravel/framework/src/Illuminate/Foundation/Application.php(1183): Illuminate\\Foundation\\Console\\Kernel->handle()
#11 /opt/lampp/htdocs/VueJS_Laravel/artisan(13): Illuminate\\Foundation\\Application->handleCommand()
#12 {main}
"} 
[2024-03-25 10:39:17] local.ERROR: The "--columns" option does not exist. {"exception":"[object] (Symfony\\Component\\Console\\Exception\\RuntimeException(code: 0): The \"--columns\" option does not exist. at /opt/lampp/htdocs/VueJS_Laravel/vendor/symfony/console/Input/ArgvInput.php:217)
[stacktrace]
#0 /opt/lampp/htdocs/VueJS_Laravel/vendor/symfony/console/Input/ArgvInput.php(144): Symfony\\Component\\Console\\Input\\ArgvInput->addLongOption()
#1 /opt/lampp/htdocs/VueJS_Laravel/vendor/symfony/console/Input/ArgvInput.php(79): Symfony\\Component\\Console\\Input\\ArgvInput->parseLongOption()
#2 /opt/lampp/htdocs/VueJS_Laravel/vendor/symfony/console/Input/ArgvInput.php(68): Symfony\\Component\\Console\\Input\\ArgvInput->parseToken()
#3 /opt/lampp/htdocs/VueJS_Laravel/vendor/symfony/console/Input/Input.php(53): Symfony\\Component\\Console\\Input\\ArgvInput->parse()
#4 /opt/lampp/htdocs/VueJS_Laravel/vendor/symfony/console/Command/Command.php(238): Symfony\\Component\\Console\\Input\\Input->bind()
#5 /opt/lampp/htdocs/VueJS_Laravel/vendor/laravel/framework/src/Illuminate/Console/Command.php(181): Symfony\\Component\\Console\\Command\\Command->run()
#6 /opt/lampp/htdocs/VueJS_Laravel/vendor/symfony/console/Application.php(1049): Illuminate\\Console\\Command->run()
#7 /opt/lampp/htdocs/VueJS_Laravel/vendor/symfony/console/Application.php(318): Symfony\\Component\\Console\\Application->doRunCommand()
#8 /opt/lampp/htdocs/VueJS_Laravel/vendor/symfony/console/Application.php(169): Symfony\\Component\\Console\\Application->doRun()
#9 /opt/lampp/htdocs/VueJS_Laravel/vendor/laravel/framework/src/Illuminate/Foundation/Console/Kernel.php(196): Symfony\\Component\\Console\\Application->run()
#10 /opt/lampp/htdocs/VueJS_Laravel/vendor/laravel/framework/src/Illuminate/Foundation/Application.php(1183): Illuminate\\Foundation\\Console\\Kernel->handle()
#11 /opt/lampp/htdocs/VueJS_Laravel/artisan(13): Illuminate\\Foundation\\Application->handleCommand()
#12 {main}
"} 
[2024-03-25 10:39:19] local.ERROR: The "--columns" option does not exist. {"exception":"[object] (Symfony\\Component\\Console\\Exception\\RuntimeException(code: 0): The \"--columns\" option does not exist. at /opt/lampp/htdocs/VueJS_Laravel/vendor/symfony/console/Input/ArgvInput.php:217)
[stacktrace]
#0 /opt/lampp/htdocs/VueJS_Laravel/vendor/symfony/console/Input/ArgvInput.php(144): Symfony\\Component\\Console\\Input\\ArgvInput->addLongOption()
#1 /opt/lampp/htdocs/VueJS_Laravel/vendor/symfony/console/Input/ArgvInput.php(79): Symfony\\Component\\Console\\Input\\ArgvInput->parseLongOption()
#2 /opt/lampp/htdocs/VueJS_Laravel/vendor/symfony/console/Input/ArgvInput.php(68): Symfony\\Component\\Console\\Input\\ArgvInput->parseToken()
#3 /opt/lampp/htdocs/VueJS_Laravel/vendor/symfony/console/Input/Input.php(53): Symfony\\Component\\Console\\Input\\ArgvInput->parse()
#4 /opt/lampp/htdocs/VueJS_Laravel/vendor/symfony/console/Command/Command.php(238): Symfony\\Component\\Console\\Input\\Input->bind()
#5 /opt/lampp/htdocs/VueJS_Laravel/vendor/laravel/framework/src/Illuminate/Console/Command.php(181): Symfony\\Component\\Console\\Command\\Command->run()
#6 /opt/lampp/htdocs/VueJS_Laravel/vendor/symfony/console/Application.php(1049): Illuminate\\Console\\Command->run()
#7 /opt/lampp/htdocs/VueJS_Laravel/vendor/symfony/console/Application.php(318): Symfony\\Component\\Console\\Application->doRunCommand()
#8 /opt/lampp/htdocs/VueJS_Laravel/vendor/symfony/console/Application.php(169): Symfony\\Component\\Console\\Application->doRun()
#9 /opt/lampp/htdocs/VueJS_Laravel/vendor/laravel/framework/src/Illuminate/Foundation/Console/Kernel.php(196): Symfony\\Component\\Console\\Application->run()
#10 /opt/lampp/htdocs/VueJS_Laravel/vendor/laravel/framework/src/Illuminate/Foundation/Application.php(1183): Illuminate\\Foundation\\Console\\Kernel->handle()
#11 /opt/lampp/htdocs/VueJS_Laravel/artisan(13): Illuminate\\Foundation\\Application->handleCommand()
#12 {main}
"} 
[2024-03-25 10:39:22] local.ERROR: The "--columns" option does not exist. {"exception":"[object] (Symfony\\Component\\Console\\Exception\\RuntimeException(code: 0): The \"--columns\" option does not exist. at /opt/lampp/htdocs/VueJS_Laravel/vendor/symfony/console/Input/ArgvInput.php:217)
[stacktrace]
#0 /opt/lampp/htdocs/VueJS_Laravel/vendor/symfony/console/Input/ArgvInput.php(144): Symfony\\Component\\Console\\Input\\ArgvInput->addLongOption()
#1 /opt/lampp/htdocs/VueJS_Laravel/vendor/symfony/console/Input/ArgvInput.php(79): Symfony\\Component\\Console\\Input\\ArgvInput->parseLongOption()
#2 /opt/lampp/htdocs/VueJS_Laravel/vendor/symfony/console/Input/ArgvInput.php(68): Symfony\\Component\\Console\\Input\\ArgvInput->parseToken()
#3 /opt/lampp/htdocs/VueJS_Laravel/vendor/symfony/console/Input/Input.php(53): Symfony\\Component\\Console\\Input\\ArgvInput->parse()
#4 /opt/lampp/htdocs/VueJS_Laravel/vendor/symfony/console/Command/Command.php(238): Symfony\\Component\\Console\\Input\\Input->bind()
#5 /opt/lampp/htdocs/VueJS_Laravel/vendor/laravel/framework/src/Illuminate/Console/Command.php(181): Symfony\\Component\\Console\\Command\\Command->run()
#6 /opt/lampp/htdocs/VueJS_Laravel/vendor/symfony/console/Application.php(1049): Illuminate\\Console\\Command->run()
#7 /opt/lampp/htdocs/VueJS_Laravel/vendor/symfony/console/Application.php(318): Symfony\\Component\\Console\\Application->doRunCommand()
#8 /opt/lampp/htdocs/VueJS_Laravel/vendor/symfony/console/Application.php(169): Symfony\\Component\\Console\\Application->doRun()
#9 /opt/lampp/htdocs/VueJS_Laravel/vendor/laravel/framework/src/Illuminate/Foundation/Console/Kernel.php(196): Symfony\\Component\\Console\\Application->run()
#10 /opt/lampp/htdocs/VueJS_Laravel/vendor/laravel/framework/src/Illuminate/Foundation/Application.php(1183): Illuminate\\Foundation\\Console\\Kernel->handle()
#11 /opt/lampp/htdocs/VueJS_Laravel/artisan(13): Illuminate\\Foundation\\Application->handleCommand()
#12 {main}
"} 
